<?xml version="1.0" encoding="UTF-8"?>
<testsuite xmlns:xsi="http://www.w3.org/2001/XMLSchema-instance" xsi:noNamespaceSchemaLocation="https://maven.apache.org/surefire/maven-surefire-plugin/xsd/surefire-test-report.xsd" name="TestSuite" time="11.068" tests="6" errors="0" skipped="0" failures="1">
  <properties>
    <property name="sun.desktop" value="windows"/>
    <property name="awt.toolkit" value="sun.awt.windows.WToolkit"/>
    <property name="file.encoding.pkg" value="sun.io"/>
    <property name="java.specification.version" value="1.8"/>
    <property name="sun.cpu.isalist" value="amd64"/>
    <property name="sun.jnu.encoding" value="Cp1252"/>
    <property name="java.class.path" value="C:\Users\lenovo\Downloads\Mavenjava\target\test-classes;C:\Users\lenovo\Downloads\Mavenjava\target\classes;C:\Users\lenovo\.m2\repository\org\seleniumhq\selenium\selenium-java\3.6.0\selenium-java-3.6.0.jar;C:\Users\lenovo\.m2\repository\org\seleniumhq\selenium\selenium-api\3.6.0\selenium-api-3.6.0.jar;C:\Users\lenovo\.m2\repository\org\seleniumhq\selenium\selenium-chrome-driver\3.6.0\selenium-chrome-driver-3.6.0.jar;C:\Users\lenovo\.m2\repository\org\seleniumhq\selenium\selenium-edge-driver\3.6.0\selenium-edge-driver-3.6.0.jar;C:\Users\lenovo\.m2\repository\org\seleniumhq\selenium\selenium-firefox-driver\3.6.0\selenium-firefox-driver-3.6.0.jar;C:\Users\lenovo\.m2\repository\org\seleniumhq\selenium\selenium-ie-driver\3.6.0\selenium-ie-driver-3.6.0.jar;C:\Users\lenovo\.m2\repository\org\seleniumhq\selenium\selenium-opera-driver\3.6.0\selenium-opera-driver-3.6.0.jar;C:\Users\lenovo\.m2\repository\org\seleniumhq\selenium\selenium-remote-driver\3.6.0\selenium-remote-driver-3.6.0.jar;C:\Users\lenovo\.m2\repository\org\seleniumhq\selenium\selenium-safari-driver\3.6.0\selenium-safari-driver-3.6.0.jar;C:\Users\lenovo\.m2\repository\org\seleniumhq\selenium\selenium-support\3.6.0\selenium-support-3.6.0.jar;C:\Users\lenovo\.m2\repository\net\bytebuddy\byte-buddy\1.7.5\byte-buddy-1.7.5.jar;C:\Users\lenovo\.m2\repository\org\apache\commons\commons-exec\1.3\commons-exec-1.3.jar;C:\Users\lenovo\.m2\repository\commons-codec\commons-codec\1.10\commons-codec-1.10.jar;C:\Users\lenovo\.m2\repository\commons-logging\commons-logging\1.2\commons-logging-1.2.jar;C:\Users\lenovo\.m2\repository\com\google\code\gson\gson\2.8.0\gson-2.8.0.jar;C:\Users\lenovo\.m2\repository\com\google\guava\guava\23.0\guava-23.0.jar;C:\Users\lenovo\.m2\repository\com\google\code\findbugs\jsr305\1.3.9\jsr305-1.3.9.jar;C:\Users\lenovo\.m2\repository\com\google\errorprone\error_prone_annotations\2.0.18\error_prone_annotations-2.0.18.jar;C:\Users\lenovo\.m2\repository\com\google\j2objc\j2objc-annotations\1.1\j2objc-annotations-1.1.jar;C:\Users\lenovo\.m2\repository\org\codehaus\mojo\animal-sniffer-annotations\1.14\animal-sniffer-annotations-1.14.jar;C:\Users\lenovo\.m2\repository\org\apache\httpcomponents\httpclient\4.5.3\httpclient-4.5.3.jar;C:\Users\lenovo\.m2\repository\org\apache\httpcomponents\httpcore\4.4.6\httpcore-4.4.6.jar;C:\Users\lenovo\.m2\repository\net\java\dev\jna\jna\4.1.0\jna-4.1.0.jar;C:\Users\lenovo\.m2\repository\net\java\dev\jna\jna-platform\4.1.0\jna-platform-4.1.0.jar;C:\Users\lenovo\.m2\repository\org\testng\testng\6.11\testng-6.11.jar;C:\Users\lenovo\.m2\repository\com\beust\jcommander\1.64\jcommander-1.64.jar;C:\Users\lenovo\.m2\repository\org\yaml\snakeyaml\1.17\snakeyaml-1.17.jar;C:\Users\lenovo\.m2\repository\io\rest-assured\rest-assured\3.0.5\rest-assured-3.0.5.jar;C:\Users\lenovo\.m2\repository\org\codehaus\groovy\groovy\2.4.9\groovy-2.4.9.jar;C:\Users\lenovo\.m2\repository\org\codehaus\groovy\groovy-xml\2.4.9\groovy-xml-2.4.9.jar;C:\Users\lenovo\.m2\repository\org\apache\httpcomponents\httpmime\4.5.1\httpmime-4.5.1.jar;C:\Users\lenovo\.m2\repository\org\hamcrest\hamcrest-core\1.3\hamcrest-core-1.3.jar;C:\Users\lenovo\.m2\repository\org\hamcrest\hamcrest-library\1.3\hamcrest-library-1.3.jar;C:\Users\lenovo\.m2\repository\org\ccil\cowan\tagsoup\tagsoup\1.2.1\tagsoup-1.2.1.jar;C:\Users\lenovo\.m2\repository\io\rest-assured\json-path\3.0.5\json-path-3.0.5.jar;C:\Users\lenovo\.m2\repository\org\codehaus\groovy\groovy-json\2.4.9\groovy-json-2.4.9.jar;C:\Users\lenovo\.m2\repository\io\rest-assured\rest-assured-common\3.0.5\rest-assured-common-3.0.5.jar;C:\Users\lenovo\.m2\repository\io\rest-assured\xml-path\3.0.5\xml-path-3.0.5.jar;C:\Users\lenovo\.m2\repository\io\appium\java-client\5.0.4\java-client-5.0.4.jar;C:\Users\lenovo\.m2\repository\cglib\cglib\3.2.5\cglib-3.2.5.jar;C:\Users\lenovo\.m2\repository\org\ow2\asm\asm\5.2\asm-5.2.jar;C:\Users\lenovo\.m2\repository\org\apache\ant\ant\1.9.6\ant-1.9.6.jar;C:\Users\lenovo\.m2\repository\org\apache\ant\ant-launcher\1.9.6\ant-launcher-1.9.6.jar;C:\Users\lenovo\.m2\repository\commons-validator\commons-validator\1.6\commons-validator-1.6.jar;C:\Users\lenovo\.m2\repository\commons-beanutils\commons-beanutils\1.9.2\commons-beanutils-1.9.2.jar;C:\Users\lenovo\.m2\repository\commons-digester\commons-digester\1.8.1\commons-digester-1.8.1.jar;C:\Users\lenovo\.m2\repository\commons-collections\commons-collections\3.2.2\commons-collections-3.2.2.jar;C:\Users\lenovo\.m2\repository\org\apache\commons\commons-lang3\3.6\commons-lang3-3.6.jar;C:\Users\lenovo\.m2\repository\commons-io\commons-io\2.5\commons-io-2.5.jar;C:\Users\lenovo\.m2\repository\org\springframework\spring-context\5.0.0.RELEASE\spring-context-5.0.0.RELEASE.jar;C:\Users\lenovo\.m2\repository\org\springframework\spring-aop\5.0.0.RELEASE\spring-aop-5.0.0.RELEASE.jar;C:\Users\lenovo\.m2\repository\org\springframework\spring-beans\5.0.0.RELEASE\spring-beans-5.0.0.RELEASE.jar;C:\Users\lenovo\.m2\repository\org\springframework\spring-core\5.0.0.RELEASE\spring-core-5.0.0.RELEASE.jar;C:\Users\lenovo\.m2\repository\org\springframework\spring-jcl\5.0.0.RELEASE\spring-jcl-5.0.0.RELEASE.jar;C:\Users\lenovo\.m2\repository\org\springframework\spring-expression\5.0.0.RELEASE\spring-expression-5.0.0.RELEASE.jar;C:\Users\lenovo\.m2\repository\org\aspectj\aspectjweaver\1.8.11\aspectjweaver-1.8.11.jar;C:\Users\lenovo\.m2\repository\org\openpnp\opencv\3.2.0-1\opencv-3.2.0-1.jar;C:\Users\lenovo\.m2\repository\org\apache\maven\surefire\surefire-testng-utils\2.20.1\surefire-testng-utils-2.20.1.jar;C:\Users\lenovo\.m2\repository\org\apache\maven\surefire\surefire-grouper\2.20.1\surefire-grouper-2.20.1.jar;"/>
    <property name="java.vm.vendor" value="Oracle Corporation"/>
    <property name="sun.arch.data.model" value="64"/>
    <property name="user.variant" value=""/>
    <property name="java.vendor.url" value="http://java.oracle.com/"/>
    <property name="user.timezone" value=""/>
    <property name="java.vm.specification.version" value="1.8"/>
    <property name="os.name" value="Windows 10"/>
    <property name="user.country" value="IN"/>
    <property name="sun.java.launcher" value="SUN_STANDARD"/>
    <property name="sun.boot.library.path" value="C:\Program Files\Java\jdk1.8.0_162\jre\bin"/>
    <property name="sun.java.command" value="C:\Users\lenovo\AppData\Local\Temp\surefire3650123328332491187\surefirebooter2251734884508484529.jar C:\Users\lenovo\AppData\Local\Temp\surefire3650123328332491187 2018-03-28T09-55-14_945-jvmRun1 surefire5294388508831569436tmp surefire_0563885516862515424tmp"/>
    <property name="surefire.test.class.path" value="C:\Users\lenovo\Downloads\Mavenjava\target\test-classes;C:\Users\lenovo\Downloads\Mavenjava\target\classes;C:\Users\lenovo\.m2\repository\org\seleniumhq\selenium\selenium-java\3.6.0\selenium-java-3.6.0.jar;C:\Users\lenovo\.m2\repository\org\seleniumhq\selenium\selenium-api\3.6.0\selenium-api-3.6.0.jar;C:\Users\lenovo\.m2\repository\org\seleniumhq\selenium\selenium-chrome-driver\3.6.0\selenium-chrome-driver-3.6.0.jar;C:\Users\lenovo\.m2\repository\org\seleniumhq\selenium\selenium-edge-driver\3.6.0\selenium-edge-driver-3.6.0.jar;C:\Users\lenovo\.m2\repository\org\seleniumhq\selenium\selenium-firefox-driver\3.6.0\selenium-firefox-driver-3.6.0.jar;C:\Users\lenovo\.m2\repository\org\seleniumhq\selenium\selenium-ie-driver\3.6.0\selenium-ie-driver-3.6.0.jar;C:\Users\lenovo\.m2\repository\org\seleniumhq\selenium\selenium-opera-driver\3.6.0\selenium-opera-driver-3.6.0.jar;C:\Users\lenovo\.m2\repository\org\seleniumhq\selenium\selenium-remote-driver\3.6.0\selenium-remote-driver-3.6.0.jar;C:\Users\lenovo\.m2\repository\org\seleniumhq\selenium\selenium-safari-driver\3.6.0\selenium-safari-driver-3.6.0.jar;C:\Users\lenovo\.m2\repository\org\seleniumhq\selenium\selenium-support\3.6.0\selenium-support-3.6.0.jar;C:\Users\lenovo\.m2\repository\net\bytebuddy\byte-buddy\1.7.5\byte-buddy-1.7.5.jar;C:\Users\lenovo\.m2\repository\org\apache\commons\commons-exec\1.3\commons-exec-1.3.jar;C:\Users\lenovo\.m2\repository\commons-codec\commons-codec\1.10\commons-codec-1.10.jar;C:\Users\lenovo\.m2\repository\commons-logging\commons-logging\1.2\commons-logging-1.2.jar;C:\Users\lenovo\.m2\repository\com\google\code\gson\gson\2.8.0\gson-2.8.0.jar;C:\Users\lenovo\.m2\repository\com\google\guava\guava\23.0\guava-23.0.jar;C:\Users\lenovo\.m2\repository\com\google\code\findbugs\jsr305\1.3.9\jsr305-1.3.9.jar;C:\Users\lenovo\.m2\repository\com\google\errorprone\error_prone_annotations\2.0.18\error_prone_annotations-2.0.18.jar;C:\Users\lenovo\.m2\repository\com\google\j2objc\j2objc-annotations\1.1\j2objc-annotations-1.1.jar;C:\Users\lenovo\.m2\repository\org\codehaus\mojo\animal-sniffer-annotations\1.14\animal-sniffer-annotations-1.14.jar;C:\Users\lenovo\.m2\repository\org\apache\httpcomponents\httpclient\4.5.3\httpclient-4.5.3.jar;C:\Users\lenovo\.m2\repository\org\apache\httpcomponents\httpcore\4.4.6\httpcore-4.4.6.jar;C:\Users\lenovo\.m2\repository\net\java\dev\jna\jna\4.1.0\jna-4.1.0.jar;C:\Users\lenovo\.m2\repository\net\java\dev\jna\jna-platform\4.1.0\jna-platform-4.1.0.jar;C:\Users\lenovo\.m2\repository\org\testng\testng\6.11\testng-6.11.jar;C:\Users\lenovo\.m2\repository\com\beust\jcommander\1.64\jcommander-1.64.jar;C:\Users\lenovo\.m2\repository\org\yaml\snakeyaml\1.17\snakeyaml-1.17.jar;C:\Users\lenovo\.m2\repository\io\rest-assured\rest-assured\3.0.5\rest-assured-3.0.5.jar;C:\Users\lenovo\.m2\repository\org\codehaus\groovy\groovy\2.4.9\groovy-2.4.9.jar;C:\Users\lenovo\.m2\repository\org\codehaus\groovy\groovy-xml\2.4.9\groovy-xml-2.4.9.jar;C:\Users\lenovo\.m2\repository\org\apache\httpcomponents\httpmime\4.5.1\httpmime-4.5.1.jar;C:\Users\lenovo\.m2\repository\org\hamcrest\hamcrest-core\1.3\hamcrest-core-1.3.jar;C:\Users\lenovo\.m2\repository\org\hamcrest\hamcrest-library\1.3\hamcrest-library-1.3.jar;C:\Users\lenovo\.m2\repository\org\ccil\cowan\tagsoup\tagsoup\1.2.1\tagsoup-1.2.1.jar;C:\Users\lenovo\.m2\repository\io\rest-assured\json-path\3.0.5\json-path-3.0.5.jar;C:\Users\lenovo\.m2\repository\org\codehaus\groovy\groovy-json\2.4.9\groovy-json-2.4.9.jar;C:\Users\lenovo\.m2\repository\io\rest-assured\rest-assured-common\3.0.5\rest-assured-common-3.0.5.jar;C:\Users\lenovo\.m2\repository\io\rest-assured\xml-path\3.0.5\xml-path-3.0.5.jar;C:\Users\lenovo\.m2\repository\io\appium\java-client\5.0.4\java-client-5.0.4.jar;C:\Users\lenovo\.m2\repository\cglib\cglib\3.2.5\cglib-3.2.5.jar;C:\Users\lenovo\.m2\repository\org\ow2\asm\asm\5.2\asm-5.2.jar;C:\Users\lenovo\.m2\repository\org\apache\ant\ant\1.9.6\ant-1.9.6.jar;C:\Users\lenovo\.m2\repository\org\apache\ant\ant-launcher\1.9.6\ant-launcher-1.9.6.jar;C:\Users\lenovo\.m2\repository\commons-validator\commons-validator\1.6\commons-validator-1.6.jar;C:\Users\lenovo\.m2\repository\commons-beanutils\commons-beanutils\1.9.2\commons-beanutils-1.9.2.jar;C:\Users\lenovo\.m2\repository\commons-digester\commons-digester\1.8.1\commons-digester-1.8.1.jar;C:\Users\lenovo\.m2\repository\commons-collections\commons-collections\3.2.2\commons-collections-3.2.2.jar;C:\Users\lenovo\.m2\repository\org\apache\commons\commons-lang3\3.6\commons-lang3-3.6.jar;C:\Users\lenovo\.m2\repository\commons-io\commons-io\2.5\commons-io-2.5.jar;C:\Users\lenovo\.m2\repository\org\springframework\spring-context\5.0.0.RELEASE\spring-context-5.0.0.RELEASE.jar;C:\Users\lenovo\.m2\repository\org\springframework\spring-aop\5.0.0.RELEASE\spring-aop-5.0.0.RELEASE.jar;C:\Users\lenovo\.m2\repository\org\springframework\spring-beans\5.0.0.RELEASE\spring-beans-5.0.0.RELEASE.jar;C:\Users\lenovo\.m2\repository\org\springframework\spring-core\5.0.0.RELEASE\spring-core-5.0.0.RELEASE.jar;C:\Users\lenovo\.m2\repository\org\springframework\spring-jcl\5.0.0.RELEASE\spring-jcl-5.0.0.RELEASE.jar;C:\Users\lenovo\.m2\repository\org\springframework\spring-expression\5.0.0.RELEASE\spring-expression-5.0.0.RELEASE.jar;C:\Users\lenovo\.m2\repository\org\aspectj\aspectjweaver\1.8.11\aspectjweaver-1.8.11.jar;C:\Users\lenovo\.m2\repository\org\openpnp\opencv\3.2.0-1\opencv-3.2.0-1.jar;C:\Users\lenovo\.m2\repository\org\apache\maven\surefire\surefire-testng-utils\2.20.1\surefire-testng-utils-2.20.1.jar;C:\Users\lenovo\.m2\repository\org\apache\maven\surefire\surefire-grouper\2.20.1\surefire-grouper-2.20.1.jar;"/>
    <property name="sun.cpu.endian" value="little"/>
    <property name="user.home" value="C:\Users\lenovo"/>
    <property name="user.language" value="en"/>
    <property name="java.specification.vendor" value="Oracle Corporation"/>
    <property name="java.home" value="C:\Program Files\Java\jdk1.8.0_162\jre"/>
    <property name="basedir" value="C:\Users\lenovo\Downloads\Mavenjava"/>
    <property name="file.separator" value="\"/>
    <property name="line.separator" value="&#10;"/>
    <property name="java.vm.specification.vendor" value="Oracle Corporation"/>
    <property name="java.specification.name" value="Java Platform API Specification"/>
    <property name="java.awt.graphicsenv" value="sun.awt.Win32GraphicsEnvironment"/>
    <property name="surefire.real.class.path" value="C:\Users\lenovo\AppData\Local\Temp\surefire3650123328332491187\surefirebooter2251734884508484529.jar"/>
    <property name="sun.boot.class.path" value="C:\Program Files\Java\jdk1.8.0_162\jre\lib\resources.jar;C:\Program Files\Java\jdk1.8.0_162\jre\lib\rt.jar;C:\Program Files\Java\jdk1.8.0_162\jre\lib\sunrsasign.jar;C:\Program Files\Java\jdk1.8.0_162\jre\lib\jsse.jar;C:\Program Files\Java\jdk1.8.0_162\jre\lib\jce.jar;C:\Program Files\Java\jdk1.8.0_162\jre\lib\charsets.jar;C:\Program Files\Java\jdk1.8.0_162\jre\lib\jfr.jar;C:\Program Files\Java\jdk1.8.0_162\jre\classes"/>
    <property name="user.script" value=""/>
    <property name="sun.management.compiler" value="HotSpot 64-Bit Tiered Compilers"/>
    <property name="java.runtime.version" value="1.8.0_162-b12"/>
    <property name="user.name" value="lenovo"/>
    <property name="path.separator" value=";"/>
    <property name="os.version" value="10.0"/>
    <property name="java.endorsed.dirs" value="C:\Program Files\Java\jdk1.8.0_162\jre\lib\endorsed"/>
    <property name="java.runtime.name" value="Java(TM) SE Runtime Environment"/>
    <property name="file.encoding" value="Cp1252"/>
    <property name="java.vm.name" value="Java HotSpot(TM) 64-Bit Server VM"/>
    <property name="localRepository" value="C:\Users\lenovo\.m2\repository"/>
    <property name="java.vendor.url.bug" value="http://bugreport.sun.com/bugreport/"/>
    <property name="java.io.tmpdir" value="C:\Users\lenovo\AppData\Local\Temp\"/>
    <property name="java.version" value="1.8.0_162"/>
    <property name="user.dir" value="C:\Users\lenovo\Downloads\Mavenjava"/>
    <property name="os.arch" value="amd64"/>
    <property name="java.vm.specification.name" value="Java Virtual Machine Specification"/>
    <property name="java.awt.printerjob" value="sun.awt.windows.WPrinterJob"/>
    <property name="sun.os.patch.level" value=""/>
    <property name="java.library.path" value="C:\Program Files\Java\jdk1.8.0_162\jre\bin;C:\Windows\Sun\Java\bin;C:\Windows\system32;C:\Windows;C:\ProgramData\Oracle\Java\javapath;c:\collabnet\subversion client;d:\wandisco\subversion\apache2\bin;d:\wandisco\subversion;C:\Windows\system32;C:\Windows;C:\Windows\system32\wbem;C:\Windows\system32\windowspowershell\v1.0\;c:\program files\intel\wifi\bin\;c:\program files\common files\intel\wirelesscommon\;c:\program files (x86)\bitvise ssh client;c:\program files\tortoisesvn\bin;c:\program files\ibm\gsk8\lib64;c:\program files (x86)\ibm\gsk8\lib;D:\TeamConcertBuild\scmtools\eclipse;E:\Ant\apache-ant-1.10.1-bin\apache-ant-1.10.1\bin;C:\Program Files\nodejs\;C:\Users\lenovo\AppData\Local\Programs\Python\Python37-32;C:\Program Files (x86)\Microsoft SQL Server\110\Tools\Binn\;C:\Program Files\Microsoft SQL Server\110\Tools\Binn\;C:\Program Files\Microsoft SQL Server\110\DTS\Binn\;C:\Program Files (x86)\Windows Kits\8.1\Windows Performance Toolkit\;C:\opscode\chefdk\bin\;C:\Program Files\PuTTY\;C:\Program Files (x86)\MySQL\MySQL Server 5.5\bin;D:\maven\apache-maven-3.5.2\bin;C:\Program Files\Git\cmd;C:\Program Files\Amazon\AWSCLI\;C:\Program Files\Amazon\AWSCLI\bin\;C:\ProgramData\chocolatey\bin;C:\Program Files\Java\jdk1.8.0_162\bin;C:\HashiCorp\Vagrant\bin;C:\Program Files\Intel\WiFi\bin\;C:\Program Files\Common Files\Intel\WirelessCommon\;C:\Users\lenovo\AppData\Roaming\npm;."/>
    <property name="java.vm.info" value="mixed mode"/>
    <property name="java.vendor" value="Oracle Corporation"/>
    <property name="java.vm.version" value="25.162-b12"/>
    <property name="java.ext.dirs" value="C:\Program Files\Java\jdk1.8.0_162\jre\lib\ext;C:\Windows\Sun\Java\lib\ext"/>
    <property name="sun.io.unicode.encoding" value="UnicodeLittle"/>
    <property name="java.class.version" value="52.0"/>
  </properties>
  <testcase name="BrowserAUtomation" classname="qaclickacademy.SeleniumTest" time="9.954">
    <failure message="unknown error: cannot determine loading status&#10;from unknown error: cannot determine loading status&#10;from disconnected: received Inspector.detached event&#10;  (Session info: chrome=65.0.3325.181)&#10;  (Driver info: chromedriver=2.33.506120 (e3e53437346286c0bc2d2dc9aa4915ba81d9023f),platform=Windows NT 10.0.10240 x86_64) (WARNING: The server did not provide any stacktrace information)&#10;Command duration or timeout: 0 milliseconds&#10;Build info: version: &apos;3.6.0&apos;, revision: &apos;6fbf3ec767&apos;, time: &apos;2017-09-27T15:28:36.4Z&apos;&#10;System info: host: &apos;DESKTOP-KBJ83TN&apos;, ip: &apos;192.168.33.1&apos;, os.name: &apos;Windows 10&apos;, os.arch: &apos;amd64&apos;, os.version: &apos;10.0&apos;, java.version: &apos;1.8.0_162&apos;&#10;Driver info: org.openqa.selenium.chrome.ChromeDriver&#10;Capabilities [{mobileEmulationEnabled=false, hasTouchScreen=false, platform=XP, acceptSslCerts=true, webStorageEnabled=true, browserName=chrome, takesScreenshot=true, javascriptEnabled=true, platformName=XP, setWindowRect=true, unexpectedAlertBehaviour=, applicationCacheEnabled=false, rotatable=false, networkConnectionEnabled=false, chrome={chromedriverVersion=2.33.506120 (e3e53437346286c0bc2d2dc9aa4915ba81d9023f), userDataDir=C:\Users\lenovo\AppData\Local\Temp\scoped_dir3232_2389}, takesHeapSnapshot=true, pageLoadStrategy=normal, unhandledPromptBehavior=, databaseEnabled=false, handlesAlerts=true, version=65.0.3325.181, browserConnectionEnabled=false, nativeEvents=true, locationContextEnabled=true, cssSelectorsEnabled=true}]&#10;Session ID: 7d77f4c3e9c6e4c7582d0cf12d219104" type="org.openqa.selenium.WebDriverException">org.openqa.selenium.WebDriverException: 
unknown error: cannot determine loading status
from unknown error: cannot determine loading status
from disconnected: received Inspector.detached event
  (Session info: chrome=65.0.3325.181)
  (Driver info: chromedriver=2.33.506120 (e3e53437346286c0bc2d2dc9aa4915ba81d9023f),platform=Windows NT 10.0.10240 x86_64) (WARNING: The server did not provide any stacktrace information)
Command duration or timeout: 0 milliseconds
Build info: version: '3.6.0', revision: '6fbf3ec767', time: '2017-09-27T15:28:36.4Z'
System info: host: 'DESKTOP-KBJ83TN', ip: '192.168.33.1', os.name: 'Windows 10', os.arch: 'amd64', os.version: '10.0', java.version: '1.8.0_162'
Driver info: org.openqa.selenium.chrome.ChromeDriver
Capabilities [{mobileEmulationEnabled=false, hasTouchScreen=false, platform=XP, acceptSslCerts=true, webStorageEnabled=true, browserName=chrome, takesScreenshot=true, javascriptEnabled=true, platformName=XP, setWindowRect=true, unexpectedAlertBehaviour=, applicationCacheEnabled=false, rotatable=false, networkConnectionEnabled=false, chrome={chromedriverVersion=2.33.506120 (e3e53437346286c0bc2d2dc9aa4915ba81d9023f), userDataDir=C:\Users\lenovo\AppData\Local\Temp\scoped_dir3232_2389}, takesHeapSnapshot=true, pageLoadStrategy=normal, unhandledPromptBehavior=, databaseEnabled=false, handlesAlerts=true, version=65.0.3325.181, browserConnectionEnabled=false, nativeEvents=true, locationContextEnabled=true, cssSelectorsEnabled=true}]
Session ID: 7d77f4c3e9c6e4c7582d0cf12d219104
	at qaclickacademy.SeleniumTest.BrowserAUtomation(SeleniumTest.java:17)
</failure>
    <system-out><![CDATA[BrowserAUtomation
]]></system-out>
    <system-err><![CDATA[Starting ChromeDriver 2.33.506120 (e3e53437346286c0bc2d2dc9aa4915ba81d9023f) on port 21187
Only local connections are allowed.
Mar 28, 2018 9:55:26 AM org.openqa.selenium.remote.ProtocolHandshake createSession
INFO: Detected dialect: OSS
]]></system-err>
  </testcase>
  <testcase name="elementsUi" classname="qaclickacademy.SeleniumTest" time="0"/>
  <testcase name="deleteTwitter" classname="qaclickacademy.RESTAPITest" time="0.001"/>
  <testcase name="postJira" classname="qaclickacademy.RESTAPITest" time="0.002"/>
  <testcase name="IOSApps" classname="qaclickacademy.AppiumTest" time="0.001"/>
  <testcase name="NativeAPpAndroid" classname="qaclickacademy.AppiumTest" time="0"/>
</testsuite>