<?xml version="1.0" encoding="UTF-8"?>
<!-- Generated by org.testng.reporters.JUnitReportReporter -->
<testsuite skipped="0" hostname="DESKTOP-KBJ83TN" name="qaclickacademy.SeleniumTest" tests="2" failures="0" timestamp="22 Mar 2018 16:07:27 GMT" time="14.199" errors="0">
  <testcase name="BrowserAUtomation" time="14.198" classname="qaclickacademy.SeleniumTest"/>
  <testcase name="elementsUi" time="0.001" classname="qaclickacademy.SeleniumTest"/>
</testsuite> <!-- qaclickacademy.SeleniumTest -->
