<?xml version="1.0" encoding="UTF-8"?>
<!-- Generated by org.testng.reporters.JUnitReportReporter -->
<testsuite skipped="0" hostname="DESKTOP-KBJ83TN" name="qaclickacademy.RESTAPITest" tests="2" failures="0" timestamp="28 Mar 2018 04:25:27 GMT" time="0.002" errors="0">
  <testcase name="postJira" time="0.002" classname="qaclickacademy.RESTAPITest"/>
  <testcase name="deleteTwitter" time="0.000" classname="qaclickacademy.RESTAPITest"/>
</testsuite> <!-- qaclickacademy.RESTAPITest -->
